<?xml version="1.0" encoding="UTF-8" ?>
<testsuite tests="2" failures="0" name="skeleton.RunCukesTest" time="0.557" errors="0" skipped="2">
  <properties>
[...]
</properties>
  <testcase classname="Belly" name="a few cukes" time="0.278">
    <skipped/>
    <system-out>Feature: Belly

  Scenario: a few cukes               &amp;#27;[90m# skeleton/belly.feature:3&amp;#27;[0m
    &amp;#27;[32mGiven &amp;#27;[0m&amp;#27;[32mI have &amp;#27;[0m&amp;#27;[32m&amp;#27;[1m42&amp;#27;[0m&amp;#27;[32m cukes in my belly&amp;#27;[0m &amp;#27;[90m# Stepdefs.I_have_cukes_in_my_belly(int)&amp;#27;[0m
    &amp;#27;[33mWhen &amp;#27;[0m&amp;#27;[33mI wait 1 hour&amp;#27;[0m                &amp;#27;[90m# null&amp;#27;[0m
    &amp;#27;[33mThen &amp;#27;[0m&amp;#27;[33mmy belly should growl&amp;#27;[0m        &amp;#27;[90m# null&amp;#27;[0m
</system-out>
    <system-err>SLF4J: Failed to load class &quot;org.slf4j.impl.StaticLoggerBinder&quot;.
SLF4J: Defaulting to no-operation (NOP) logger implementation
SLF4J: See http://www.slf4j.org/codes.html#StaticLoggerBinder for further details.
</system-err>
  </testcase>
  <testcase classname="Belly" name="a few cukes" time="0.279">
    <skipped/>
  </testcase>
</testsuite>